<?xml version="1.0" encoding="UTF-8"?>
<!-- Generated by org.testng.reporters.JUnitReportReporter -->
<testsuite skipped="0" hostname="LAPTOP-VA1S61KV" name="com.bridgelabz.ycombinator.test.YCombinatorTest" tests="4" failures="0" timestamp="2021-06-18T09:12:20 IST" time="10.642" errors="0">
  <testcase name="print_Title_With_Points" time="9.708" classname="com.bridgelabz.ycombinator.test.YCombinatorTest"/>
  <system-out/>
  <testcase name="whenGivenListOfNews_ShouldPrint_WordWhichOccursMaximumTime" time="0.314" classname="com.bridgelabz.ycombinator.test.YCombinatorTest"/>
  <system-out/>
  <testcase name="whenGivenListOfNews_WithMaximumOccurredWord_ShouldPrint_NewsWithMaximumPoints" time="0.329" classname="com.bridgelabz.ycombinator.test.YCombinatorTest"/>
  <system-out/>
  <testcase name="whenGivenListOfNews_ShouldPrintNewsHeadline_WithMaximumPoints" time="0.291" classname="com.bridgelabz.ycombinator.test.YCombinatorTest"/>
  <system-out/>
</testsuite> <!-- com.bridgelabz.ycombinator.test.YCombinatorTest -->
